0 verbose cli /usr/local/bin/node /usr/local/bin/npm
1 info using npm@8.19.4
2 info using node@v16.20.1
3 timing npm:load:whichnode Completed in 0ms
4 timing config:load:defaults Completed in 3ms
5 timing config:load:file:/usr/local/lib/node_modules/npm/npmrc Completed in 1ms
6 timing config:load:builtin Completed in 1ms
7 warn config production Use `--omit=dev` instead.
8 timing config:load:cli Completed in 4ms
9 timing config:load:env Completed in 0ms
10 timing config:load:file:/data/.npmrc Completed in 1ms
11 timing config:load:project Completed in 5ms
12 timing config:load:file:/usr/src/node-red/.npmrc Completed in 1ms
13 timing config:load:user Completed in 1ms
14 timing config:load:file:/usr/local/etc/npmrc Completed in 7ms
15 timing config:load:global Completed in 7ms
16 timing config:load:validate Completed in 0ms
17 timing config:load:credentials Completed in 1ms
18 timing config:load:setEnvs Completed in 1ms
19 timing config:load Completed in 26ms
20 timing npm:load:configload Completed in 26ms
21 timing npm:load:mkdirpcache Completed in 5ms
22 timing npm:load:mkdirplogs Completed in 5ms
23 verbose title npm install node-red-contrib-socketio-server@0.1.5
24 verbose argv "install" "--no-audit" "--no-update-notifier" "--no-fund" "--save" "--save-prefix" "~" "--production" "--engine-strict" "node-red-contrib-socketio-server@0.1.5"
25 timing npm:load:setTitle Completed in 3ms
26 timing config:load:flatten Completed in 4ms
27 timing npm:load:display Completed in 6ms
28 verbose logfile logs-max:10 dir:/data/.npm/_logs
29 verbose logfile /data/.npm/_logs/2023-09-18T09_44_03_511Z-debug-0.log
30 timing npm:load:logFile Completed in 21ms
31 timing npm:load:timers Completed in 0ms
32 timing npm:load:configScope Completed in 1ms
33 timing npm:load Completed in 67ms
34 timing arborist:ctor Completed in 0ms
35 silly logfile done cleaning log files
36 timing idealTree:init Completed in 108ms
37 timing idealTree:userRequests Completed in 3ms
38 silly idealTree buildDeps
39 silly fetch manifest node-red-contrib-socketio-server@0.1.5
40 timing arborist:ctor Completed in 0ms
41 http fetch GET 200 https://registry.npmjs.org/node-red-contrib-socketio-server 1671ms (cache miss)
42 silly placeDep ROOT node-red-contrib-socketio-server@0.1.5 OK for: node-red-project@0.0.1 want: 0.1.5
43 timing idealTree:#root Completed in 1686ms
44 timing idealTree:node_modules/node-red-contrib-socketio-server Completed in 0ms
45 timing idealTree:buildDeps Completed in 1689ms
46 timing idealTree:fixDepFlags Completed in 1ms
47 timing idealTree Completed in 1806ms
48 timing reify:loadTrees Completed in 1810ms
49 timing reify:diffTrees Completed in 3ms
50 silly reify moves {}
51 timing reify:retireShallow Completed in 3ms
52 timing reify:createSparse Completed in 6ms
53 timing reify:trashOmits Completed in 0ms
54 timing reify:loadBundles Completed in 0ms
55 silly tarball no local data for node-red-contrib-socketio-server@https://registry.npmjs.org/node-red-contrib-socketio-server/-/node-red-contrib-socketio-server-0.1.5.tgz. Extracting by manifest.
56 http fetch GET 200 https://registry.npmjs.org/node-red-contrib-socketio-server/-/node-red-contrib-socketio-server-0.1.5.tgz 1639ms (cache miss)
57 timing reifyNode:node_modules/node-red-contrib-socketio-server Completed in 1655ms
58 timing reify:unpack Completed in 1656ms
59 timing reify:unretire Completed in 0ms
60 timing build:queue Completed in 2ms
61 timing build:deps Completed in 4ms
62 timing build Completed in 5ms
63 timing reify:build Completed in 5ms
64 timing reify:trash Completed in 0ms
65 timing reify:save Completed in 29ms
66 timing reify Completed in 3542ms
67 silly ADD node_modules/node-red-contrib-socketio-server
68 timing command:install Completed in 3549ms
69 verbose exit 0
70 timing npm Completed in 3782ms
71 info ok
