0 verbose cli /usr/local/bin/node /usr/local/bin/npm
1 info using npm@8.19.4
2 info using node@v16.20.1
3 timing npm:load:whichnode Completed in 0ms
4 timing config:load:defaults Completed in 3ms
5 timing config:load:file:/usr/local/lib/node_modules/npm/npmrc Completed in 1ms
6 timing config:load:builtin Completed in 1ms
7 warn config production Use `--omit=dev` instead.
8 timing config:load:cli Completed in 4ms
9 timing config:load:env Completed in 1ms
10 timing config:load:file:/data/.npmrc Completed in 0ms
11 timing config:load:project Completed in 11ms
12 timing config:load:file:/usr/src/node-red/.npmrc Completed in 5ms
13 timing config:load:user Completed in 5ms
14 timing config:load:file:/usr/local/etc/npmrc Completed in 3ms
15 timing config:load:global Completed in 3ms
16 timing config:load:validate Completed in 1ms
17 timing config:load:credentials Completed in 2ms
18 timing config:load:setEnvs Completed in 1ms
19 timing config:load Completed in 36ms
20 timing npm:load:configload Completed in 37ms
21 timing npm:load:mkdirpcache Completed in 6ms
22 timing npm:load:mkdirplogs Completed in 10ms
23 verbose title npm install @ridort/node-red-contrib-socketio-simple@0.2.0
24 verbose argv "install" "--no-audit" "--no-update-notifier" "--no-fund" "--save" "--save-prefix" "~" "--production" "--engine-strict" "@ridort/node-red-contrib-socketio-simple@0.2.0"
25 timing npm:load:setTitle Completed in 2ms
26 timing config:load:flatten Completed in 2ms
27 timing npm:load:display Completed in 4ms
28 verbose logfile logs-max:10 dir:/data/.npm/_logs
29 verbose logfile /data/.npm/_logs/2023-09-18T09_37_52_028Z-debug-0.log
30 timing npm:load:logFile Completed in 31ms
31 timing npm:load:timers Completed in 0ms
32 timing npm:load:configScope Completed in 0ms
33 timing npm:load Completed in 93ms
34 timing arborist:ctor Completed in 1ms
35 silly logfile done cleaning log files
36 timing idealTree:init Completed in 98ms
37 timing idealTree:userRequests Completed in 3ms
38 silly idealTree buildDeps
39 silly fetch manifest @ridort/node-red-contrib-socketio-simple@0.2.0
40 timing arborist:ctor Completed in 0ms
41 http fetch GET 200 https://registry.npmjs.org/@ridort%2fnode-red-contrib-socketio-simple 1789ms (cache miss)
42 silly placeDep ROOT @ridort/node-red-contrib-socketio-simple@0.2.0 OK for: node-red-project@0.0.1 want: 0.2.0
43 silly fetch manifest socket.io@^4.5.1
44 silly fetch manifest socketio-wildcard@^2.0.0
45 http fetch GET 200 https://registry.npmjs.org/socket.io 268ms (cache miss)
46 http fetch GET 200 https://registry.npmjs.org/socketio-wildcard 1732ms (cache miss)
47 timing idealTree:#root Completed in 3554ms
48 silly placeDep ROOT socket.io@4.7.2 OK for: @ridort/node-red-contrib-socketio-simple@0.2.0 want: ^4.5.1
49 silly placeDep ROOT socketio-wildcard@2.0.0 OK for: @ridort/node-red-contrib-socketio-simple@0.2.0 want: ^2.0.0
50 silly fetch manifest accepts@~1.3.4
51 silly fetch manifest base64id@~2.0.0
52 silly fetch manifest cors@~2.8.5
53 silly fetch manifest debug@~4.3.2
54 silly fetch manifest engine.io@~6.5.2
55 silly fetch manifest socket.io-adapter@~2.5.2
56 silly fetch manifest socket.io-parser@~4.2.4
57 http fetch GET 200 https://registry.npmjs.org/socket.io-parser 109ms (cache hit)
58 http fetch GET 200 https://registry.npmjs.org/debug 123ms (cache hit)
59 http fetch GET 200 https://registry.npmjs.org/cors 215ms (cache miss)
60 http fetch GET 200 https://registry.npmjs.org/accepts 229ms (cache miss)
61 http fetch GET 200 https://registry.npmjs.org/base64id 226ms (cache miss)
62 http fetch GET 200 https://registry.npmjs.org/socket.io-adapter 287ms (cache miss)
63 http fetch GET 200 https://registry.npmjs.org/engine.io 294ms (cache miss)
64 timing idealTree:node_modules/@ridort/node-red-contrib-socketio-simple Completed in 324ms
65 silly placeDep ROOT accepts@1.3.8 OK for: socket.io@4.7.2 want: ~1.3.4
66 silly placeDep ROOT base64id@2.0.0 OK for: socket.io@4.7.2 want: ~2.0.0
67 silly placeDep ROOT cors@2.8.5 OK for: socket.io@4.7.2 want: ~2.8.5
68 silly placeDep node_modules/socket.io debug@4.3.4 OK for: socket.io@4.7.2 want: ~4.3.2
69 silly placeDep ROOT engine.io@6.5.2 OK for: socket.io@4.7.2 want: ~6.5.2
70 silly placeDep ROOT socket.io-adapter@2.5.2 OK for: socket.io@4.7.2 want: ~2.5.2
71 silly placeDep node_modules/socket.io socket.io-parser@4.2.4 OK for: socket.io@4.7.2 want: ~4.2.4
72 silly fetch manifest mime-types@~2.1.34
73 silly fetch manifest negotiator@0.6.3
74 silly fetch manifest object-assign@^4
75 silly fetch manifest vary@^1
76 silly fetch manifest ms@2.1.2
77 silly fetch manifest @types/cookie@^0.4.1
78 silly fetch manifest @types/cors@^2.8.12
79 silly fetch manifest @types/node@>=10.0.0
80 silly fetch manifest cookie@~0.4.1
81 silly fetch manifest debug@~4.3.1
82 silly fetch manifest engine.io-parser@~5.2.1
83 silly fetch manifest ws@~8.11.0
84 silly fetch manifest @socket.io/component-emitter@~3.1.0
85 http fetch GET 200 https://registry.npmjs.org/ms 134ms (cache hit)
86 http fetch GET 200 https://registry.npmjs.org/engine.io-parser 135ms (cache hit)
87 http fetch GET 200 https://registry.npmjs.org/ws 139ms (cache hit)
88 http fetch GET 200 https://registry.npmjs.org/vary 200ms (cache miss)
89 http fetch GET 200 https://registry.npmjs.org/negotiator 213ms (cache miss)
90 http fetch GET 200 https://registry.npmjs.org/@types%2fcors 270ms (cache miss)
91 http fetch GET 200 https://registry.npmjs.org/object-assign 277ms (cache miss)
92 http fetch GET 200 https://registry.npmjs.org/mime-types 282ms (cache miss)
93 http fetch GET 200 https://registry.npmjs.org/cookie 352ms (cache miss)
94 http fetch GET 200 https://registry.npmjs.org/@types%2fcookie 375ms (cache miss)
95 http fetch GET 200 https://registry.npmjs.org/@socket.io%2fcomponent-emitter 638ms (cache miss)
96 http fetch GET 200 https://registry.npmjs.org/@types%2fnode 817ms (cache miss)
97 timing idealTree:node_modules/socket.io Completed in 862ms
98 silly placeDep ROOT mime-types@2.1.35 OK for: accepts@1.3.8 want: ~2.1.34
99 silly placeDep ROOT negotiator@0.6.3 OK for: accepts@1.3.8 want: 0.6.3
100 silly fetch manifest mime-db@1.52.0
101 http fetch GET 200 https://registry.npmjs.org/mime-db 145ms (cache miss)
102 timing idealTree:node_modules/accepts Completed in 155ms
103 timing idealTree:node_modules/base64id Completed in 1ms
104 silly placeDep ROOT object-assign@4.1.1 OK for: cors@2.8.5 want: ^4
105 silly placeDep ROOT vary@1.1.2 OK for: cors@2.8.5 want: ^1
106 timing idealTree:node_modules/cors Completed in 4ms
107 silly fetch manifest bufferutil@^4.0.1
108 http fetch GET 200 https://registry.npmjs.org/bufferutil 70ms (cache hit)
109 silly fetch manifest utf-8-validate@^5.0.2
110 http fetch GET 200 https://registry.npmjs.org/utf-8-validate 76ms (cache hit)
111 silly placeDep ROOT @types/cookie@0.4.1 OK for: engine.io@6.5.2 want: ^0.4.1
112 silly placeDep ROOT @types/cors@2.8.14 OK for: engine.io@6.5.2 want: ^2.8.12
113 silly placeDep ROOT @types/node@20.6.2 OK for: engine.io@6.5.2 want: >=10.0.0
114 silly placeDep ROOT cookie@0.4.2 OK for: engine.io@6.5.2 want: ~0.4.1
115 silly placeDep node_modules/engine.io debug@4.3.4 OK for: engine.io@6.5.2 want: ~4.3.1
116 silly placeDep node_modules/engine.io engine.io-parser@5.2.1 OK for: engine.io@6.5.2 want: ~5.2.1
117 silly placeDep node_modules/engine.io ws@8.11.0 OK for: engine.io@6.5.2 want: ~8.11.0
118 timing idealTree:node_modules/engine.io Completed in 173ms
119 timing idealTree:node_modules/@types/cookie Completed in 0ms
120 timing idealTree:node_modules/@types/cors Completed in 0ms
121 timing idealTree:node_modules/@types/node Completed in 0ms
122 timing idealTree:node_modules/cookie Completed in 0ms
123 silly placeDep ROOT mime-db@1.52.0 OK for: mime-types@2.1.35 want: 1.52.0
124 timing idealTree:node_modules/mime-types Completed in 3ms
125 timing idealTree:node_modules/mime-db Completed in 0ms
126 timing idealTree:node_modules/negotiator Completed in 0ms
127 timing idealTree:node_modules/object-assign Completed in 0ms
128 silly placeDep node_modules/socket.io-adapter ws@8.11.0 OK for: socket.io-adapter@2.5.2 want: ~8.11.0
129 timing idealTree:node_modules/socket.io-adapter Completed in 4ms
130 timing idealTree:node_modules/socketio-wildcard Completed in 0ms
131 timing idealTree:node_modules/vary Completed in 0ms
132 silly placeDep node_modules/engine.io ms@2.1.2 OK for: debug@4.3.4 want: 2.1.2
133 timing idealTree:node_modules/engine.io/node_modules/debug Completed in 4ms
134 timing idealTree:node_modules/engine.io/node_modules/engine.io-parser Completed in 1ms
135 timing idealTree:node_modules/engine.io/node_modules/ms Completed in 0ms
136 timing idealTree:node_modules/engine.io/node_modules/ws Completed in 0ms
137 timing idealTree:node_modules/socket.io-adapter/node_modules/ws Completed in 0ms
138 silly placeDep node_modules/socket.io ms@2.1.2 OK for: debug@4.3.4 want: 2.1.2
139 timing idealTree:node_modules/socket.io/node_modules/debug Completed in 4ms
140 timing idealTree:node_modules/socket.io/node_modules/ms Completed in 0ms
141 silly placeDep ROOT @socket.io/component-emitter@3.1.0 OK for: socket.io-parser@4.2.4 want: ~3.1.0
142 timing idealTree:node_modules/socket.io/node_modules/socket.io-parser Completed in 3ms
143 timing idealTree:node_modules/@socket.io/component-emitter Completed in 0ms
144 timing idealTree:buildDeps Completed in 5108ms
145 timing idealTree:fixDepFlags Completed in 2ms
146 timing idealTree Completed in 5216ms
147 timing reify:loadTrees Completed in 5218ms
148 timing reify:diffTrees Completed in 5ms
149 silly reify moves {}
150 timing reify:retireShallow Completed in 3ms
151 timing reify:createSparse Completed in 72ms
152 timing reify:trashOmits Completed in 1ms
153 timing reify:loadBundles Completed in 0ms
154 silly tarball no local data for vary@https://registry.npmjs.org/vary/-/vary-1.1.2.tgz. Extracting by manifest.
155 silly tarball no local data for cookie@https://registry.npmjs.org/cookie/-/cookie-0.4.2.tgz. Extracting by manifest.
156 silly tarball no local data for @types/node@https://registry.npmjs.org/@types/node/-/node-20.6.2.tgz. Extracting by manifest.
157 silly tarball no local data for @socket.io/component-emitter@https://registry.npmjs.org/@socket.io/component-emitter/-/component-emitter-3.1.0.tgz. Extracting by manifest.
158 silly tarball no local data for mime-db@https://registry.npmjs.org/mime-db/-/mime-db-1.52.0.tgz. Extracting by manifest.
159 silly tarball no local data for object-assign@https://registry.npmjs.org/object-assign/-/object-assign-4.1.1.tgz. Extracting by manifest.
160 silly tarball no local data for negotiator@https://registry.npmjs.org/negotiator/-/negotiator-0.6.3.tgz. Extracting by manifest.
161 silly tarball no local data for @types/cors@https://registry.npmjs.org/@types/cors/-/cors-2.8.14.tgz. Extracting by manifest.
162 silly tarball no local data for mime-types@https://registry.npmjs.org/mime-types/-/mime-types-2.1.35.tgz. Extracting by manifest.
163 silly tarball no local data for socket.io-adapter@https://registry.npmjs.org/socket.io-adapter/-/socket.io-adapter-2.5.2.tgz. Extracting by manifest.
164 silly tarball no local data for engine.io@https://registry.npmjs.org/engine.io/-/engine.io-6.5.2.tgz. Extracting by manifest.
165 silly tarball no local data for cors@https://registry.npmjs.org/cors/-/cors-2.8.5.tgz. Extracting by manifest.
166 silly tarball no local data for socketio-wildcard@https://registry.npmjs.org/socketio-wildcard/-/socketio-wildcard-2.0.0.tgz. Extracting by manifest.
167 silly tarball no local data for @types/cookie@https://registry.npmjs.org/@types/cookie/-/cookie-0.4.1.tgz. Extracting by manifest.
168 silly tarball no local data for base64id@https://registry.npmjs.org/base64id/-/base64id-2.0.0.tgz. Extracting by manifest.
169 silly tarball no local data for @ridort/node-red-contrib-socketio-simple@https://registry.npmjs.org/@ridort/node-red-contrib-socketio-simple/-/node-red-contrib-socketio-simple-0.2.0.tgz. Extracting by manifest.
170 silly tarball no local data for ws@https://registry.npmjs.org/ws/-/ws-8.11.0.tgz. Extracting by manifest.
171 silly tarball no local data for accepts@https://registry.npmjs.org/accepts/-/accepts-1.3.8.tgz. Extracting by manifest.
172 silly tarball no local data for socket.io@https://registry.npmjs.org/socket.io/-/socket.io-4.7.2.tgz. Extracting by manifest.
173 silly tarball no local data for engine.io-parser@https://registry.npmjs.org/engine.io-parser/-/engine.io-parser-5.2.1.tgz. Extracting by manifest.
174 silly tarball no local data for ms@https://registry.npmjs.org/ms/-/ms-2.1.2.tgz. Extracting by manifest.
175 silly tarball no local data for ws@https://registry.npmjs.org/ws/-/ws-8.11.0.tgz. Extracting by manifest.
176 silly tarball no local data for ms@https://registry.npmjs.org/ms/-/ms-2.1.2.tgz. Extracting by manifest.
177 silly tarball no local data for debug@https://registry.npmjs.org/debug/-/debug-4.3.4.tgz. Extracting by manifest.
178 silly tarball no local data for socket.io-parser@https://registry.npmjs.org/socket.io-parser/-/socket.io-parser-4.2.4.tgz. Extracting by manifest.
179 silly tarball no local data for debug@https://registry.npmjs.org/debug/-/debug-4.3.4.tgz. Extracting by manifest.
180 http fetch GET 200 https://registry.npmjs.org/vary/-/vary-1.1.2.tgz 832ms (cache miss)
181 timing reifyNode:node_modules/vary Completed in 950ms
182 http fetch GET 200 https://registry.npmjs.org/negotiator/-/negotiator-0.6.3.tgz 882ms (cache miss)
183 timing reifyNode:node_modules/negotiator Completed in 1023ms
184 http fetch GET 200 https://registry.npmjs.org/ms/-/ms-2.1.2.tgz 846ms (cache miss)
185 timing reifyNode:node_modules/engine.io/node_modules/ms Completed in 1043ms
186 http fetch GET 200 https://registry.npmjs.org/object-assign/-/object-assign-4.1.1.tgz 946ms (cache miss)
187 timing reifyNode:node_modules/object-assign Completed in 1089ms
188 http fetch GET 200 https://registry.npmjs.org/mime-types/-/mime-types-2.1.35.tgz 942ms (cache miss)
189 timing reifyNode:node_modules/mime-types Completed in 1097ms
190 http fetch GET 200 https://registry.npmjs.org/accepts/-/accepts-1.3.8.tgz 925ms (cache miss)
191 timing reifyNode:node_modules/accepts Completed in 1111ms
192 http fetch GET 200 https://registry.npmjs.org/ms/-/ms-2.1.2.tgz 920ms (cache miss)
193 timing reifyNode:node_modules/socket.io/node_modules/ms Completed in 1125ms
194 http fetch GET 200 https://registry.npmjs.org/cookie/-/cookie-0.4.2.tgz 1053ms (cache miss)
195 timing reifyNode:node_modules/cookie Completed in 1175ms
196 http fetch GET 200 https://registry.npmjs.org/socket.io-parser/-/socket.io-parser-4.2.4.tgz 993ms (cache miss)
197 http fetch GET 200 https://registry.npmjs.org/base64id/-/base64id-2.0.0.tgz 1033ms (cache miss)
198 timing reifyNode:node_modules/base64id Completed in 1208ms
199 http fetch GET 200 https://registry.npmjs.org/debug/-/debug-4.3.4.tgz 1015ms (cache miss)
200 timing reifyNode:node_modules/engine.io/node_modules/debug Completed in 1225ms
201 http fetch GET 200 https://registry.npmjs.org/debug/-/debug-4.3.4.tgz 1023ms (cache miss)
202 timing reifyNode:node_modules/socket.io/node_modules/debug Completed in 1260ms
203 http fetch GET 200 https://registry.npmjs.org/mime-db/-/mime-db-1.52.0.tgz 1134ms (cache miss)
204 timing reifyNode:node_modules/mime-db Completed in 1268ms
205 http fetch GET 200 https://registry.npmjs.org/socket.io-adapter/-/socket.io-adapter-2.5.2.tgz 1139ms (cache miss)
206 timing reifyNode:node_modules/socket.io-adapter Completed in 1296ms
207 http fetch GET 200 https://registry.npmjs.org/cors/-/cors-2.8.5.tgz 1136ms (cache miss)
208 timing reifyNode:node_modules/cors Completed in 1299ms
209 timing reifyNode:node_modules/socket.io/node_modules/socket.io-parser Completed in 1493ms
210 http fetch GET 200 https://registry.npmjs.org/engine.io-parser/-/engine.io-parser-5.2.1.tgz 1456ms (cache miss)
211 timing reifyNode:node_modules/engine.io/node_modules/engine.io-parser Completed in 1681ms
212 http fetch GET 200 https://registry.npmjs.org/ws/-/ws-8.11.0.tgz 1526ms (cache miss)
213 timing reifyNode:node_modules/socket.io-adapter/node_modules/ws Completed in 1727ms
214 http fetch GET 200 https://registry.npmjs.org/ws/-/ws-8.11.0.tgz 1553ms (cache miss)
215 timing reifyNode:node_modules/engine.io/node_modules/ws Completed in 1734ms
216 http fetch GET 200 https://registry.npmjs.org/@types/cors/-/cors-2.8.14.tgz 1798ms (cache miss)
217 timing reifyNode:node_modules/@types/cors Completed in 1944ms
218 http fetch GET 200 https://registry.npmjs.org/@socket.io/component-emitter/-/component-emitter-3.1.0.tgz 1853ms (cache miss)
219 timing reifyNode:node_modules/@socket.io/component-emitter Completed in 1985ms
220 http fetch GET 200 https://registry.npmjs.org/engine.io/-/engine.io-6.5.2.tgz 1839ms (cache miss)
221 timing reifyNode:node_modules/engine.io Completed in 2000ms
222 http fetch GET 200 https://registry.npmjs.org/@types/cookie/-/cookie-0.4.1.tgz 1877ms (cache miss)
223 timing reifyNode:node_modules/@types/cookie Completed in 2051ms
224 http fetch GET 200 https://registry.npmjs.org/socketio-wildcard/-/socketio-wildcard-2.0.0.tgz 1892ms (cache miss)
225 timing reifyNode:node_modules/socketio-wildcard Completed in 2057ms
226 http fetch GET 200 https://registry.npmjs.org/socket.io/-/socket.io-4.7.2.tgz 1920ms (cache miss)
227 timing reifyNode:node_modules/socket.io Completed in 2121ms
228 http fetch GET 200 https://registry.npmjs.org/@ridort/node-red-contrib-socketio-simple/-/node-red-contrib-socketio-simple-0.2.0.tgz 2156ms (cache miss)
229 timing reifyNode:node_modules/@ridort/node-red-contrib-socketio-simple Completed in 2358ms
230 http fetch GET 200 https://registry.npmjs.org/@types/node/-/node-20.6.2.tgz 2843ms (cache miss)
231 timing reifyNode:node_modules/@types/node Completed in 2975ms
232 timing reify:unpack Completed in 2976ms
233 timing reify:unretire Completed in 0ms
234 timing build:queue Completed in 15ms
235 timing build:deps Completed in 16ms
236 timing build Completed in 17ms
237 timing reify:build Completed in 18ms
238 timing reify:trash Completed in 0ms
239 timing reify:save Completed in 22ms
240 timing reify Completed in 8355ms
241 silly ADD node_modules/@socket.io/component-emitter
242 silly ADD node_modules/mime-db
243 silly ADD node_modules/cookie
244 silly ADD node_modules/@types/node
245 silly ADD node_modules/@types/cors
246 silly ADD node_modules/@types/cookie
247 silly ADD node_modules/vary
248 silly ADD node_modules/object-assign
249 silly ADD node_modules/negotiator
250 silly ADD node_modules/mime-types
251 silly ADD node_modules/socket.io-adapter
252 silly ADD node_modules/socket.io-adapter/node_modules/ws
253 silly ADD node_modules/engine.io
254 silly ADD node_modules/engine.io/node_modules/ms
255 silly ADD node_modules/engine.io/node_modules/ws
256 silly ADD node_modules/engine.io/node_modules/engine.io-parser
257 silly ADD node_modules/engine.io/node_modules/debug
258 silly ADD node_modules/cors
259 silly ADD node_modules/base64id
260 silly ADD node_modules/accepts
261 silly ADD node_modules/socketio-wildcard
262 silly ADD node_modules/socket.io
263 silly ADD node_modules/socket.io/node_modules/ms
264 silly ADD node_modules/socket.io/node_modules/socket.io-parser
265 silly ADD node_modules/socket.io/node_modules/debug
266 silly ADD node_modules/@ridort/node-red-contrib-socketio-simple
267 timing command:install Completed in 8373ms
268 verbose exit 0
269 timing npm Completed in 8654ms
270 info ok
