0 verbose cli /usr/local/bin/node /usr/local/bin/npm
1 info using npm@8.19.4
2 info using node@v16.20.1
3 timing npm:load:whichnode Completed in 0ms
4 timing config:load:defaults Completed in 2ms
5 timing config:load:file:/usr/local/lib/node_modules/npm/npmrc Completed in 2ms
6 timing config:load:builtin Completed in 3ms
7 warn config production Use `--omit=dev` instead.
8 timing config:load:cli Completed in 6ms
9 timing config:load:env Completed in 0ms
10 timing config:load:file:/data/.npmrc Completed in 0ms
11 timing config:load:project Completed in 7ms
12 timing config:load:file:/usr/src/node-red/.npmrc Completed in 0ms
13 timing config:load:user Completed in 0ms
14 timing config:load:file:/usr/local/etc/npmrc Completed in 6ms
15 timing config:load:global Completed in 6ms
16 timing config:load:validate Completed in 1ms
17 timing config:load:credentials Completed in 0ms
18 timing config:load:setEnvs Completed in 1ms
19 timing config:load Completed in 26ms
20 timing npm:load:configload Completed in 26ms
21 timing npm:load:mkdirpcache Completed in 10ms
22 timing npm:load:mkdirplogs Completed in 9ms
23 verbose title npm install node-red-contrib-websocket-subscriber-nohtml@0.0.1
24 verbose argv "install" "--no-audit" "--no-update-notifier" "--no-fund" "--save" "--save-prefix" "~" "--production" "--engine-strict" "node-red-contrib-websocket-subscriber-nohtml@0.0.1"
25 timing npm:load:setTitle Completed in 2ms
26 timing config:load:flatten Completed in 3ms
27 timing npm:load:display Completed in 5ms
28 verbose logfile logs-max:10 dir:/data/.npm/_logs
29 verbose logfile /data/.npm/_logs/2023-09-19T05_59_39_136Z-debug-0.log
30 timing npm:load:logFile Completed in 22ms
31 timing npm:load:timers Completed in 1ms
32 timing npm:load:configScope Completed in 0ms
33 timing npm:load Completed in 76ms
34 timing arborist:ctor Completed in 1ms
35 silly logfile done cleaning log files
36 timing idealTree:init Completed in 127ms
37 timing idealTree:userRequests Completed in 3ms
38 silly idealTree buildDeps
39 silly fetch manifest node-red-contrib-websocket-subscriber-nohtml@0.0.1
40 timing arborist:ctor Completed in 0ms
41 http fetch GET 200 https://registry.npmjs.org/node-red-contrib-websocket-subscriber-nohtml 1892ms (cache miss)
42 silly placeDep ROOT node-red-contrib-websocket-subscriber-nohtml@ OK for: node-red-project@0.0.1 want: 0.0.1
43 timing idealTree:#root Completed in 1901ms
44 timing idealTree:node_modules/node-red-contrib-websocket-subscriber-nohtml Completed in 0ms
45 timing idealTree:buildDeps Completed in 1903ms
46 timing idealTree:fixDepFlags Completed in 0ms
47 timing idealTree Completed in 2037ms
48 timing command:install Completed in 2057ms
49 verbose stack TypeError: Cannot convert undefined or null to object
49 verbose stack     at Function.keys (<anonymous>)
49 verbose stack     at module.exports (/usr/local/lib/node_modules/npm/node_modules/npm-pick-manifest/lib/index.js:213:22)
49 verbose stack     at RegistryFetcher.manifest (/usr/local/lib/node_modules/npm/node_modules/pacote/lib/registry.js:125:22)
49 verbose stack     at async Arborist.[nodeFromEdge] (/usr/local/lib/node_modules/npm/node_modules/@npmcli/arborist/lib/arborist/build-ideal-tree.js:1061:19)
49 verbose stack     at async Arborist.[buildDepStep] (/usr/local/lib/node_modules/npm/node_modules/@npmcli/arborist/lib/arborist/build-ideal-tree.js:930:11)
49 verbose stack     at async Arborist.buildIdealTree (/usr/local/lib/node_modules/npm/node_modules/@npmcli/arborist/lib/arborist/build-ideal-tree.js:211:7)
49 verbose stack     at async Promise.all (index 1)
49 verbose stack     at async Arborist.reify (/usr/local/lib/node_modules/npm/node_modules/@npmcli/arborist/lib/arborist/reify.js:154:5)
49 verbose stack     at async Install.exec (/usr/local/lib/node_modules/npm/lib/commands/install.js:145:5)
49 verbose stack     at async module.exports (/usr/local/lib/node_modules/npm/lib/cli.js:78:5)
50 verbose cwd /data
51 verbose Linux 5.10.16.3-microsoft-standard-WSL2
52 verbose node v16.20.1
53 verbose npm  v8.19.4
54 error Cannot convert undefined or null to object
55 verbose exit 1
56 timing npm Completed in 2614ms
57 verbose unfinished npm timer reify 1695103179687
58 verbose unfinished npm timer reify:loadTrees 1695103179700
59 verbose code 1
60 error A complete log of this run can be found in:
60 error     /data/.npm/_logs/2023-09-19T05_59_39_136Z-debug-0.log
